{"user_id": "sgNYKOo1T5RhPdiYlxw5SS5Fhkn2", "group": "system", "action": "user_login_attempt", "timestamp": "2025-11-16T23:19:08.479798+00:00", "details": {"email": "douradonis@hotmail.com"}}
{"user_id": "sgNYKOo1T5RhPdiYlxw5SS5Fhkn2", "group": "system", "action": "user_logged_in", "timestamp": "2025-11-16T23:19:08.585615+00:00", "details": {"email": "douradonis@hotmail.com"}}
{"user_id": "sgNYKOo1T5RhPdiYlxw5SS5Fhkn2", "group": "system", "action": "user_login_attempt", "timestamp": "2025-11-16T23:21:44.009679+00:00", "details": {"email": "douradonis@hotmail.com"}}
{"user_id": "sgNYKOo1T5RhPdiYlxw5SS5Fhkn2", "group": "system", "action": "user_logged_in", "timestamp": "2025-11-16T23:21:44.105223+00:00", "details": {"email": "douradonis@hotmail.com"}}
{"user_id": "sgNYKOo1T5RhPdiYlxw5SS5Fhkn2", "group": "system", "action": "user_login_attempt", "timestamp": "2025-11-16T23:23:04.908447+00:00", "details": {"email": "douradonis@hotmail.com"}}
{"user_id": "sgNYKOo1T5RhPdiYlxw5SS5Fhkn2", "group": "system", "action": "user_logged_in", "timestamp": "2025-11-16T23:23:04.969123+00:00", "details": {"email": "douradonis@hotmail.com"}}
{"user_id": "sgNYKOo1T5RhPdiYlxw5SS5Fhkn2", "group": "system", "action": "user_login_attempt", "timestamp": "2025-11-16T23:25:26.122393+00:00", "details": {"email": "douradonis@hotmail.com"}}
{"user_id": "sgNYKOo1T5RhPdiYlxw5SS5Fhkn2", "group": "system", "action": "user_logged_in", "timestamp": "2025-11-16T23:25:26.197424+00:00", "details": {"email": "douradonis@hotmail.com"}}
{"user_id": "zQKhm9MwCZeSLDDFT8T0ODdSKrf2", "group": "system", "action": "user_login_attempt", "timestamp": "2025-11-16T23:29:54.795571+00:00", "details": {"email": "adonis.douramanis@gmail.com"}}
{"user_id": "zQKhm9MwCZeSLDDFT8T0ODdSKrf2", "group": "system", "action": "user_logged_in", "timestamp": "2025-11-16T23:29:54.954886+00:00", "details": {"email": "adonis.douramanis@gmail.com"}}
{"user_id": "zQKhm9MwCZeSLDDFT8T0ODdSKrf2", "group": "system", "action": "user_login_attempt", "timestamp": "2025-11-17T07:51:32.196601+00:00", "details": {"email": "adonis.douramanis@gmail.com"}}
{"user_id": "zQKhm9MwCZeSLDDFT8T0ODdSKrf2", "group": "system", "action": "user_logged_in", "timestamp": "2025-11-17T07:51:32.260128+00:00", "details": {"email": "adonis.douramanis@gmail.com"}}
{"user_id": "zQKhm9MwCZeSLDDFT8T0ODdSKrf2", "group": "system", "action": "user_login_attempt", "timestamp": "2025-11-17T14:22:00.284216+00:00", "details": {"email": "adonis.douramanis@gmail.com"}}
{"user_id": "zQKhm9MwCZeSLDDFT8T0ODdSKrf2", "group": "system", "action": "user_logged_in", "timestamp": "2025-11-17T14:22:00.336431+00:00", "details": {"email": "adonis.douramanis@gmail.com"}}
{"user_id": "zQKhm9MwCZeSLDDFT8T0ODdSKrf2", "group": "system", "action": "user_login_attempt", "timestamp": "2025-11-17T15:43:17.964666+00:00", "details": {"email": "adonis.douramanis@gmail.com"}}
{"user_id": "zQKhm9MwCZeSLDDFT8T0ODdSKrf2", "group": "system", "action": "user_logged_in", "timestamp": "2025-11-17T15:43:18.012100+00:00", "details": {"email": "adonis.douramanis@gmail.com"}}
{"user_id": "I3J5X7TxALO5kII0rDd4CRwsSHp2", "group": "system", "action": "user_registered", "timestamp": "2025-11-17T15:53:43.320775+00:00", "details": {"email": "douradonis@hotmail.com"}}
{"user_id": "I3J5X7TxALO5kII0rDd4CRwsSHp2", "group": "system", "action": "user_signup_complete", "timestamp": "2025-11-17T15:53:43.361324+00:00", "details": {"email": "douradonis@hotmail.com"}}
{"user_id": "I3J5X7TxALO5kII0rDd4CRwsSHp2", "group": "system", "action": "user_login_attempt", "timestamp": "2025-11-17T15:53:49.244073+00:00", "details": {"email": "douradonis@hotmail.com"}}
{"user_id": "I3J5X7TxALO5kII0rDd4CRwsSHp2", "group": "system", "action": "user_logged_in", "timestamp": "2025-11-17T15:53:49.301221+00:00", "details": {"email": "douradonis@hotmail.com"}}
{"user_id": "zQKhm9MwCZeSLDDFT8T0ODdSKrf2", "group": "system", "action": "user_login_attempt", "timestamp": "2025-11-17T15:54:27.600059+00:00", "details": {"email": "adonis.douramanis@gmail.com"}}
{"user_id": "zQKhm9MwCZeSLDDFT8T0ODdSKrf2", "group": "system", "action": "user_logged_in", "timestamp": "2025-11-17T15:54:27.649520+00:00", "details": {"email": "adonis.douramanis@gmail.com"}}
{"user_id": "I3J5X7TxALO5kII0rDd4CRwsSHp2", "group": "system", "action": "user_login_attempt", "timestamp": "2025-11-17T15:56:05.647661+00:00", "details": {"email": "douradonis@hotmail.com"}}
{"user_id": "I3J5X7TxALO5kII0rDd4CRwsSHp2", "group": "system", "action": "user_logged_in", "timestamp": "2025-11-17T15:56:05.690865+00:00", "details": {"email": "douradonis@hotmail.com"}}
{"user_id": "I3J5X7TxALO5kII0rDd4CRwsSHp2", "group": "system", "action": "user_login_attempt", "timestamp": "2025-11-17T15:58:36.022410+00:00", "details": {"email": "douradonis@hotmail.com"}}
{"user_id": "I3J5X7TxALO5kII0rDd4CRwsSHp2", "group": "system", "action": "user_logged_in", "timestamp": "2025-11-17T15:58:36.060352+00:00", "details": {"email": "douradonis@hotmail.com"}}
{"user_id": "zQKhm9MwCZeSLDDFT8T0ODdSKrf2", "group": "system", "action": "user_login_attempt", "timestamp": "2025-11-17T16:00:56.579810+00:00", "details": {"email": "adonis.douramanis@gmail.com"}}
{"user_id": "zQKhm9MwCZeSLDDFT8T0ODdSKrf2", "group": "system", "action": "user_logged_in", "timestamp": "2025-11-17T16:00:56.681950+00:00", "details": {"email": "adonis.douramanis@gmail.com"}}
{"user_id": "zQKhm9MwCZeSLDDFT8T0ODdSKrf2", "group": "system", "action": "user_login_attempt", "timestamp": "2025-11-17T16:55:03.415840+00:00", "details": {"email": "adonis.douramanis@gmail.com"}}
{"user_id": "zQKhm9MwCZeSLDDFT8T0ODdSKrf2", "group": "system", "action": "user_logged_in", "timestamp": "2025-11-17T16:55:03.503710+00:00", "details": {"email": "adonis.douramanis@gmail.com"}}
{"user_id": "87955SqMGicTZNAZ1TBGu21UwSD3", "group": "system", "action": "user_registered", "timestamp": "2025-11-17T17:03:27.637484+00:00", "details": {"email": "douradonis@hotmail.com"}}
{"user_id": "87955SqMGicTZNAZ1TBGu21UwSD3", "group": "system", "action": "user_signup_complete", "timestamp": "2025-11-17T17:03:27.678880+00:00", "details": {"email": "douradonis@hotmail.com"}}
{"user_id": "87955SqMGicTZNAZ1TBGu21UwSD3", "group": "system", "action": "user_login_attempt", "timestamp": "2025-11-17T17:03:34.180259+00:00", "details": {"email": "douradonis@hotmail.com"}}
{"user_id": "87955SqMGicTZNAZ1TBGu21UwSD3", "group": "system", "action": "user_logged_in", "timestamp": "2025-11-17T17:03:34.219461+00:00", "details": {"email": "douradonis@hotmail.com"}}
{"user_id": "zQKhm9MwCZeSLDDFT8T0ODdSKrf2", "group": "system", "action": "user_login_attempt", "timestamp": "2025-11-17T17:04:34.940915+00:00", "details": {"email": "adonis.douramanis@gmail.com"}}
{"user_id": "zQKhm9MwCZeSLDDFT8T0ODdSKrf2", "group": "system", "action": "user_logged_in", "timestamp": "2025-11-17T17:04:34.984187+00:00", "details": {"email": "adonis.douramanis@gmail.com"}}
{"user_id": "87955SqMGicTZNAZ1TBGu21UwSD3", "group": "system", "action": "user_login_attempt", "timestamp": "2025-11-17T17:08:36.787444+00:00", "details": {"email": "douradonis@hotmail.com"}}
{"user_id": "87955SqMGicTZNAZ1TBGu21UwSD3", "group": "system", "action": "user_logged_in", "timestamp": "2025-11-17T17:08:36.824162+00:00", "details": {"email": "douradonis@hotmail.com"}}
{"user_id": "87955SqMGicTZNAZ1TBGu21UwSD3", "group": "system", "action": "user_login_attempt", "timestamp": "2025-11-17T17:10:44.459485+00:00", "details": {"email": "douradonis@hotmail.com"}}
{"user_id": "87955SqMGicTZNAZ1TBGu21UwSD3", "group": "system", "action": "user_logged_in", "timestamp": "2025-11-17T17:10:44.553792+00:00", "details": {"email": "douradonis@hotmail.com"}}
{"user_id": "87955SqMGicTZNAZ1TBGu21UwSD3", "group": "system", "action": "user_login_attempt", "timestamp": "2025-11-17T17:11:12.204645+00:00", "details": {"email": "douradonis@hotmail.com"}}
{"user_id": "87955SqMGicTZNAZ1TBGu21UwSD3", "group": "system", "action": "user_logged_in", "timestamp": "2025-11-17T17:11:12.243076+00:00", "details": {"email": "douradonis@hotmail.com"}}
{"user_id": "zQKhm9MwCZeSLDDFT8T0ODdSKrf2", "group": "system", "action": "user_login_attempt", "timestamp": "2025-11-17T17:11:40.479593+00:00", "details": {"email": "adonis.douramanis@gmail.com"}}
{"user_id": "zQKhm9MwCZeSLDDFT8T0ODdSKrf2", "group": "system", "action": "user_logged_in", "timestamp": "2025-11-17T17:11:40.514656+00:00", "details": {"email": "adonis.douramanis@gmail.com"}}
{"user_id": "87955SqMGicTZNAZ1TBGu21UwSD3", "group": "system", "action": "user_login_attempt", "timestamp": "2025-11-17T17:23:38.565739+00:00", "details": {"email": "douradonis@hotmail.com"}}
{"user_id": "87955SqMGicTZNAZ1TBGu21UwSD3", "group": "system", "action": "user_logged_in", "timestamp": "2025-11-17T17:23:38.610087+00:00", "details": {"email": "douradonis@hotmail.com"}}
{"user_id": "zQKhm9MwCZeSLDDFT8T0ODdSKrf2", "group": "system", "action": "user_login_attempt", "timestamp": "2025-11-17T17:41:52.904568+00:00", "details": {"email": "adonis.douramanis@gmail.com"}}
{"user_id": "zQKhm9MwCZeSLDDFT8T0ODdSKrf2", "group": "system", "action": "user_logged_in", "timestamp": "2025-11-17T17:41:53.041215+00:00", "details": {"email": "adonis.douramanis@gmail.com"}}
